<?xml version="1.0" encoding="UTF-8"?>
<!-- Generated by org.testng.reporters.JUnitReportReporter -->
<testsuite hostname="DESKTOP-KA2RMQQ" failures="0" tests="1" name="testpkg.TNSTClogin" time="48.978" errors="0" timestamp="2024-06-20T15:44:14 IST" skipped="0">
  <testcase classname="testpkg.TNSTClogin" name="test" time="48.978"/>
</testsuite> <!-- testpkg.TNSTClogin -->
