<?xml version="1.0" encoding="UTF-8"?>
<!-- Generated by org.testng.reporters.JUnitReportReporter -->
<testsuite hostname="DESKTOP-KA2RMQQ" failures="0" tests="1" name="testpkg.TNSTClogin" time="37.888" errors="0" timestamp="2024-06-20T14:04:49 IST" skipped="0">
  <testcase classname="testpkg.TNSTClogin" name="test" time="37.888"/>
</testsuite> <!-- testpkg.TNSTClogin -->
